Added Component: Designator=C1(CAPACITOR_0402)
Add component (AddParameter): Name = "ComponentLink1Description"; Value = "SupplierURL"; VariantName = "[No Variations]"
Add component (AddParameter): Name = "ComponentLink1URL"; Value = "https://www.digikey.com/en/products/detail/murata-electronics/GRM155R71E104KE14J/4905174"; VariantName = "[No Variations]"
Add component (AddParameter): Name = "Manufacturer"; Value = "Murata Electronics"; VariantName = "[No Variations]"
Add component (AddParameter): Name = "ManufacturerPartNumber"; Value = "GRM155R71E104KE14J"; VariantName = "[No Variations]"
Add component (AddParameter): Name = "MaxTemp"; Value = "125°C"; VariantName = "[No Variations]"
Add component (AddParameter): Name = "MinTemp"; Value = "-55°C "; VariantName = "[No Variations]"
Add component (AddParameter): Name = "PartStatus"; Value = "Active"; VariantName = "[No Variations]"
Add component (AddParameter): Name = "Price"; Value = "0.10"; VariantName = "[No Variations]"
Add component (AddParameter): Name = "Supplier"; Value = "Digikey"; VariantName = "[No Variations]"
Add component (AddParameter): Name = "SupplierPartNumber"; Value = "490-14603-1-ND"; VariantName = "[No Variations]"
Added Component: Designator=C2(CAPACITOR_0402)
Add component (AddParameter): Name = "ComponentLink1Description"; Value = "SupplierURL"; VariantName = "[No Variations]"
Add component (AddParameter): Name = "ComponentLink1URL"; Value = "https://www.digikey.com/en/products/detail/kemet/C0402C103J3RACTU/416042"; VariantName = "[No Variations]"
Add component (AddParameter): Name = "Manufacturer"; Value = "KEMET"; VariantName = "[No Variations]"
Add component (AddParameter): Name = "ManufacturerPartNumber"; Value = "C0402C103J3RACTU"; VariantName = "[No Variations]"
Add component (AddParameter): Name = "MaxTemp"; Value = "125°C"; VariantName = "[No Variations]"
Add component (AddParameter): Name = "MinTemp"; Value = "-55°C"; VariantName = "[No Variations]"
Add component (AddParameter): Name = "PartStatus"; Value = "Active"; VariantName = "[No Variations]"
Add component (AddParameter): Name = "Price"; Value = "0.10"; VariantName = "[No Variations]"
Add component (AddParameter): Name = "Supplier"; Value = "Digikey"; VariantName = "[No Variations]"
Add component (AddParameter): Name = "SupplierPartNumber"; Value = "399-1279-1-ND"; VariantName = "[No Variations]"
Added Component: Designator=C3(CAPACITOR_0402)
Add component (AddParameter): Name = "ComponentLink1Description"; Value = "SupplierURL"; VariantName = "[No Variations]"
Add component (AddParameter): Name = "ComponentLink1URL"; Value = "https://www.digikey.com/en/products/detail/murata-electronics/GRM155R71E104KE14J/4905174"; VariantName = "[No Variations]"
Add component (AddParameter): Name = "Manufacturer"; Value = "Murata Electronics"; VariantName = "[No Variations]"
Add component (AddParameter): Name = "ManufacturerPartNumber"; Value = "GRM155R71E104KE14J"; VariantName = "[No Variations]"
Add component (AddParameter): Name = "MaxTemp"; Value = "125°C"; VariantName = "[No Variations]"
Add component (AddParameter): Name = "MinTemp"; Value = "-55°C "; VariantName = "[No Variations]"
Add component (AddParameter): Name = "PartStatus"; Value = "Active"; VariantName = "[No Variations]"
Add component (AddParameter): Name = "Price"; Value = "0.10"; VariantName = "[No Variations]"
Add component (AddParameter): Name = "Supplier"; Value = "Digikey"; VariantName = "[No Variations]"
Add component (AddParameter): Name = "SupplierPartNumber"; Value = "490-14603-1-ND"; VariantName = "[No Variations]"
Added Component: Designator=C4(CAPACITOR_0402)
Add component (AddParameter): Name = "ComponentLink1Description"; Value = "SupplierURL"; VariantName = "[No Variations]"
Add component (AddParameter): Name = "ComponentLink1URL"; Value = "https://www.digikey.com/en/products/detail/kemet/C0402C103J3RACTU/416042"; VariantName = "[No Variations]"
Add component (AddParameter): Name = "Manufacturer"; Value = "KEMET"; VariantName = "[No Variations]"
Add component (AddParameter): Name = "ManufacturerPartNumber"; Value = "C0402C103J3RACTU"; VariantName = "[No Variations]"
Add component (AddParameter): Name = "MaxTemp"; Value = "125°C"; VariantName = "[No Variations]"
Add component (AddParameter): Name = "MinTemp"; Value = "-55°C"; VariantName = "[No Variations]"
Add component (AddParameter): Name = "PartStatus"; Value = "Active"; VariantName = "[No Variations]"
Add component (AddParameter): Name = "Price"; Value = "0.10"; VariantName = "[No Variations]"
Add component (AddParameter): Name = "Supplier"; Value = "Digikey"; VariantName = "[No Variations]"
Add component (AddParameter): Name = "SupplierPartNumber"; Value = "399-1279-1-ND"; VariantName = "[No Variations]"
Added Component: Designator=C5(CAPACITOR_0402)
Add component (AddParameter): Name = "ComponentLink1Description"; Value = "SupplierURL"; VariantName = "[No Variations]"
Add component (AddParameter): Name = "ComponentLink1URL"; Value = "https://www.digikey.com/en/products/detail/avx-corporation/0402YD475MAT2A/6221357"; VariantName = "[No Variations]"
Add component (AddParameter): Name = "Manufacturer"; Value = "AVX Corporation"; VariantName = "[No Variations]"
Add component (AddParameter): Name = "ManufacturerPartNumber"; Value = "0402YD475MAT2A"; VariantName = "[No Variations]"
Add component (AddParameter): Name = "MaxTemp"; Value = "85°C"; VariantName = "[No Variations]"
Add component (AddParameter): Name = "MinTemp"; Value = "-55°C"; VariantName = "[No Variations]"
Add component (AddParameter): Name = "PartStatus"; Value = "Active"; VariantName = "[No Variations]"
Add component (AddParameter): Name = "Price"; Value = "0.29"; VariantName = "[No Variations]"
Add component (AddParameter): Name = "Supplier"; Value = "Digikey"; VariantName = "[No Variations]"
Add component (AddParameter): Name = "SupplierPartNumber"; Value = "478-10788-1-ND"; VariantName = "[No Variations]"
Added Component: Designator=C6(Capacitor_0603)
Add component (AddParameter): Name = "ComponentLink1Description"; Value = "SupplierURL"; VariantName = "[No Variations]"
Add component (AddParameter): Name = "ComponentLink1URL"; Value = "https://www.digikey.com/en/products/detail/murata-electronics/GRM188R61E106KA73D/9867922"; VariantName = "[No Variations]"
Add component (AddParameter): Name = "Manufacturer"; Value = "Murata Electronics"; VariantName = "[No Variations]"
Add component (AddParameter): Name = "ManufacturerPartNumber"; Value = "GRM188R61E106KA73D"; VariantName = "[No Variations]"
Add component (AddParameter): Name = "MaxTemp"; Value = "85°C"; VariantName = "[No Variations]"
Add component (AddParameter): Name = "MinTemp"; Value = "-55°C "; VariantName = "[No Variations]"
Add component (AddParameter): Name = "PartStatus"; Value = "Active"; VariantName = "[No Variations]"
Add component (AddParameter): Name = "Price"; Value = "0.32"; VariantName = "[No Variations]"
Add component (AddParameter): Name = "Supplier"; Value = "Digikey"; VariantName = "[No Variations]"
Add component (AddParameter): Name = "SupplierPartNumber"; Value = "490-18214-1-ND"; VariantName = "[No Variations]"
Added Component: Designator=C7(CAPACITOR_0402)
Add component (AddParameter): Name = "ComponentLink1Description"; Value = "SupplierURL"; VariantName = "[No Variations]"
Add component (AddParameter): Name = "ComponentLink1URL"; Value = "https://www.digikey.com/en/products/detail/murata-electronics/GRM155R71E104KE14J/4905174"; VariantName = "[No Variations]"
Add component (AddParameter): Name = "Manufacturer"; Value = "Murata Electronics"; VariantName = "[No Variations]"
Add component (AddParameter): Name = "ManufacturerPartNumber"; Value = "GRM155R71E104KE14J"; VariantName = "[No Variations]"
Add component (AddParameter): Name = "MaxTemp"; Value = "125°C"; VariantName = "[No Variations]"
Add component (AddParameter): Name = "MinTemp"; Value = "-55°C "; VariantName = "[No Variations]"
Add component (AddParameter): Name = "PartStatus"; Value = "Active"; VariantName = "[No Variations]"
Add component (AddParameter): Name = "Price"; Value = "0.10"; VariantName = "[No Variations]"
Add component (AddParameter): Name = "Supplier"; Value = "Digikey"; VariantName = "[No Variations]"
Add component (AddParameter): Name = "SupplierPartNumber"; Value = "490-14603-1-ND"; VariantName = "[No Variations]"
Added Component: Designator=C8(CAPACITOR_0402)
Add component (AddParameter): Name = "ComponentLink1Description"; Value = "SupplierURL"; VariantName = "[No Variations]"
Add component (AddParameter): Name = "ComponentLink1URL"; Value = "https://www.digikey.com/en/products/detail/kemet/C0402C103J3RACTU/416042"; VariantName = "[No Variations]"
Add component (AddParameter): Name = "Manufacturer"; Value = "KEMET"; VariantName = "[No Variations]"
Add component (AddParameter): Name = "ManufacturerPartNumber"; Value = "C0402C103J3RACTU"; VariantName = "[No Variations]"
Add component (AddParameter): Name = "MaxTemp"; Value = "125°C"; VariantName = "[No Variations]"
Add component (AddParameter): Name = "MinTemp"; Value = "-55°C"; VariantName = "[No Variations]"
Add component (AddParameter): Name = "PartStatus"; Value = "Active"; VariantName = "[No Variations]"
Add component (AddParameter): Name = "Price"; Value = "0.10"; VariantName = "[No Variations]"
Add component (AddParameter): Name = "Supplier"; Value = "Digikey"; VariantName = "[No Variations]"
Add component (AddParameter): Name = "SupplierPartNumber"; Value = "399-1279-1-ND"; VariantName = "[No Variations]"
Added Component: Designator=C9(Capacitor_0603)
Add component (AddParameter): Name = "ComponentLink1Description"; Value = "SupplierURL"; VariantName = "[No Variations]"
Add component (AddParameter): Name = "ComponentLink1URL"; Value = "https://www.digikey.com/en/products/detail/murata-electronics/GRM188R61E106KA73D/9867922"; VariantName = "[No Variations]"
Add component (AddParameter): Name = "Manufacturer"; Value = "Murata Electronics"; VariantName = "[No Variations]"
Add component (AddParameter): Name = "ManufacturerPartNumber"; Value = "GRM188R61E106KA73D"; VariantName = "[No Variations]"
Add component (AddParameter): Name = "MaxTemp"; Value = "85°C"; VariantName = "[No Variations]"
Add component (AddParameter): Name = "MinTemp"; Value = "-55°C "; VariantName = "[No Variations]"
Add component (AddParameter): Name = "PartStatus"; Value = "Active"; VariantName = "[No Variations]"
Add component (AddParameter): Name = "Price"; Value = "0.32"; VariantName = "[No Variations]"
Add component (AddParameter): Name = "Supplier"; Value = "Digikey"; VariantName = "[No Variations]"
Add component (AddParameter): Name = "SupplierPartNumber"; Value = "490-18214-1-ND"; VariantName = "[No Variations]"
Added Component: Designator=D1(SOD323_ZENER)
Add component (AddParameter): Name = "ComponentLink1Description"; Value = "SupplierURL"; VariantName = "[No Variations]"
Add component (AddParameter): Name = "ComponentLink1URL"; Value = "https://www.digikey.com/en/products/detail/vishay-general-semiconductor-diodes-division/BZM55B3V6-TR/4830627"; VariantName = "[No Variations]"
Add component (AddParameter): Name = "Manufacturer"; Value = "Vishay General Semiconductor - Diodes Division"; VariantName = "[No Variations]"
Add component (AddParameter): Name = "ManufacturerPartNumber"; Value = "BZM55B3V6-TR"; VariantName = "[No Variations]"
Add component (AddParameter): Name = "MaxTemp"; Value = "175°C"; VariantName = "[No Variations]"
Add component (AddParameter): Name = "MinTemp"; Value = "-65°C"; VariantName = "[No Variations]"
Add component (AddParameter): Name = "PartStatus"; Value = "Active"; VariantName = "[No Variations]"
Add component (AddParameter): Name = "Price"; Value = "0.28"; VariantName = "[No Variations]"
Add component (AddParameter): Name = "Supplier"; Value = "Digikey"; VariantName = "[No Variations]"
Add component (AddParameter): Name = "SupplierPartNumber"; Value = "112-BZM55B3V6-CT-ND"; VariantName = "[No Variations]"
Added Component: Designator=D2(SOD323_ZENER)
Add component (AddParameter): Name = "ComponentLink1Description"; Value = "SupplierURL"; VariantName = "[No Variations]"
Add component (AddParameter): Name = "ComponentLink1URL"; Value = "https://www.digikey.com/en/products/detail/vishay-general-semiconductor-diodes-division/BZM55B3V6-TR/4830627"; VariantName = "[No Variations]"
Add component (AddParameter): Name = "Manufacturer"; Value = "Vishay General Semiconductor - Diodes Division"; VariantName = "[No Variations]"
Add component (AddParameter): Name = "ManufacturerPartNumber"; Value = "BZM55B3V6-TR"; VariantName = "[No Variations]"
Add component (AddParameter): Name = "MaxTemp"; Value = "175°C"; VariantName = "[No Variations]"
Add component (AddParameter): Name = "MinTemp"; Value = "-65°C"; VariantName = "[No Variations]"
Add component (AddParameter): Name = "PartStatus"; Value = "Active"; VariantName = "[No Variations]"
Add component (AddParameter): Name = "Price"; Value = "0.28"; VariantName = "[No Variations]"
Add component (AddParameter): Name = "Supplier"; Value = "Digikey"; VariantName = "[No Variations]"
Add component (AddParameter): Name = "SupplierPartNumber"; Value = "112-BZM55B3V6-CT-ND"; VariantName = "[No Variations]"
Added Component: Designator=J1(P2.541X4HDR)
Add component (AddParameter): Name = "ComponentLink1Description"; Value = "SupplierURL"; VariantName = "[No Variations]"
Add component (AddParameter): Name = "ComponentLink1URL"; Value = "https://www.digikey.com/en/products/detail/sullins-connector-solutions/PEC04SAAN/859157"; VariantName = "[No Variations]"
Add component (AddParameter): Name = "Maanufacturer"; Value = "Sullins Connector Solutions"; VariantName = "[No Variations]"
Add component (AddParameter): Name = "ManufacturerPartNumber"; Value = "PEC04SAAN"; VariantName = "[No Variations]"
Add component (AddParameter): Name = "MaxTemp"; Value = "125°C"; VariantName = "[No Variations]"
Add component (AddParameter): Name = "MinTemp"; Value = "-65°C"; VariantName = "[No Variations]"
Add component (AddParameter): Name = "PartStatus"; Value = "Active"; VariantName = "[No Variations]"
Add component (AddParameter): Name = "Price"; Value = "0.27"; VariantName = "[No Variations]"
Add component (AddParameter): Name = "Supplier"; Value = "Digikey"; VariantName = "[No Variations]"
Add component (AddParameter): Name = "SupplierPartNumber"; Value = "S1012E-04-ND"; VariantName = "[No Variations]"
Added Component: Designator=J2(P2.541X4HDR)
Add component (AddParameter): Name = "ComponentLink1Description"; Value = "SupplierURL"; VariantName = "[No Variations]"
Add component (AddParameter): Name = "ComponentLink1URL"; Value = "https://www.digikey.com/en/products/detail/sullins-connector-solutions/PEC04SAAN/859157"; VariantName = "[No Variations]"
Add component (AddParameter): Name = "Maanufacturer"; Value = "Sullins Connector Solutions"; VariantName = "[No Variations]"
Add component (AddParameter): Name = "ManufacturerPartNumber"; Value = "PEC04SAAN"; VariantName = "[No Variations]"
Add component (AddParameter): Name = "MaxTemp"; Value = "125°C"; VariantName = "[No Variations]"
Add component (AddParameter): Name = "MinTemp"; Value = "-65°C"; VariantName = "[No Variations]"
Add component (AddParameter): Name = "PartStatus"; Value = "Active"; VariantName = "[No Variations]"
Add component (AddParameter): Name = "Price"; Value = "0.27"; VariantName = "[No Variations]"
Add component (AddParameter): Name = "Supplier"; Value = "Digikey"; VariantName = "[No Variations]"
Add component (AddParameter): Name = "SupplierPartNumber"; Value = "S1012E-04-ND"; VariantName = "[No Variations]"
Added Component: Designator=J3(TE_1981568-1)
Add component (AddParameter): Name = "ComponentLink1Description"; Value = "SupplierURL"; VariantName = "[No Variations]"
Add component (AddParameter): Name = "ComponentLink1URL"; Value = "https://www.digikey.com/en/products/detail/te-connectivity-amp-connectors/1981568-1/1786248"; VariantName = "[No Variations]"
Add component (AddParameter): Name = "Manufacturer"; Value = "TE Connectivity AMP Connectors"; VariantName = "[No Variations]"
Add component (AddParameter): Name = "ManufacturerPartNumber"; Value = "1981568-1"; VariantName = "[No Variations]"
Add component (AddParameter): Name = "MaxTemp"; Value = " 85°C"; VariantName = "[No Variations]"
Add component (AddParameter): Name = "MinTemp"; Value = "-30°C "; VariantName = "[No Variations]"
Add component (AddParameter): Name = "PartStatus"; Value = "Active"; VariantName = "[No Variations]"
Add component (AddParameter): Name = "Price"; Value = "1.71"; VariantName = "[No Variations]"
Add component (AddParameter): Name = "Supplier"; Value = "Digikey"; VariantName = "[No Variations]"
Add component (AddParameter): Name = "SupplierPartNumber"; Value = "A97800CT-ND"; VariantName = "[No Variations]"
Added Component: Designator=R1(RESISTOR_0402)
Add component (AddParameter): Name = "ComponentLink1Description"; Value = "SupplierURL"; VariantName = "[No Variations]"
Add component (AddParameter): Name = "ComponentLink1URL"; Value = "https://www.digikey.com/en/products/detail/bourns-inc/CR0402AJ-000GAS/10240110"; VariantName = "[No Variations]"
Add component (AddParameter): Name = "Manufacturer"; Value = "Bourns Inc."; VariantName = "[No Variations]"
Add component (AddParameter): Name = "ManufacturerPartNumber"; Value = "CR0402AJ/-000GAS"; VariantName = "[No Variations]"
Add component (AddParameter): Name = "MaxTemp"; Value = "155°C"; VariantName = "[No Variations]"
Add component (AddParameter): Name = "MinTemp"; Value = "-55°C"; VariantName = "[No Variations]"
Add component (AddParameter): Name = "PartStatus"; Value = "Active"; VariantName = "[No Variations]"
Add component (AddParameter): Name = "Price"; Value = "0.10"; VariantName = "[No Variations]"
Add component (AddParameter): Name = "Supplier"; Value = "Digikey"; VariantName = "[No Variations]"
Add component (AddParameter): Name = "SupplierPartNumber"; Value = "CR0402AJ/-000GASCT-ND"; VariantName = "[No Variations]"
Added Component: Designator=R2(RESISTOR_0402)
Add component (AddParameter): Name = "ComponentLink1Description"; Value = "SupplierURL"; VariantName = "[No Variations]"
Add component (AddParameter): Name = "ComponentLink1URL"; Value = "https://www.digikey.com/en/products/detail/bourns-inc/CR0402AJ-000GAS/10240110"; VariantName = "[No Variations]"
Add component (AddParameter): Name = "Manufacturer"; Value = "Bourns Inc."; VariantName = "[No Variations]"
Add component (AddParameter): Name = "ManufacturerPartNumber"; Value = "CR0402AJ/-000GAS"; VariantName = "[No Variations]"
Add component (AddParameter): Name = "MaxTemp"; Value = "155°C"; VariantName = "[No Variations]"
Add component (AddParameter): Name = "MinTemp"; Value = "-55°C"; VariantName = "[No Variations]"
Add component (AddParameter): Name = "PartStatus"; Value = "Active"; VariantName = "[No Variations]"
Add component (AddParameter): Name = "Price"; Value = "0.10"; VariantName = "[No Variations]"
Add component (AddParameter): Name = "Supplier"; Value = "Digikey"; VariantName = "[No Variations]"
Add component (AddParameter): Name = "SupplierPartNumber"; Value = "CR0402AJ/-000GASCT-ND"; VariantName = "[No Variations]"
Added Component: Designator=R3(RESISTOR_0402)
Add component (AddParameter): Name = "ComponentLink1Description"; Value = "SupplierURL"; VariantName = "[No Variations]"
Add component (AddParameter): Name = "ComponentLink1URL"; Value = "https://www.digikey.com/en/products/detail/bourns-inc/CR0402AJ-000GAS/10240110"; VariantName = "[No Variations]"
Add component (AddParameter): Name = "Manufacturer"; Value = "Bourns Inc."; VariantName = "[No Variations]"
Add component (AddParameter): Name = "ManufacturerPartNumber"; Value = "CR0402AJ/-000GAS"; VariantName = "[No Variations]"
Add component (AddParameter): Name = "MaxTemp"; Value = "155°C"; VariantName = "[No Variations]"
Add component (AddParameter): Name = "MinTemp"; Value = "-55°C"; VariantName = "[No Variations]"
Add component (AddParameter): Name = "PartStatus"; Value = "Active"; VariantName = "[No Variations]"
Add component (AddParameter): Name = "Price"; Value = "0.10"; VariantName = "[No Variations]"
Add component (AddParameter): Name = "Supplier"; Value = "Digikey"; VariantName = "[No Variations]"
Add component (AddParameter): Name = "SupplierPartNumber"; Value = "CR0402AJ/-000GASCT-ND"; VariantName = "[No Variations]"
Added Component: Designator=R4(RESISTOR_0402)
Add component (AddParameter): Name = "ComponentLink1Description"; Value = "SupplierURL"; VariantName = "[No Variations]"
Add component (AddParameter): Name = "ComponentLink1URL"; Value = "https://www.digikey.com/en/products/detail/bourns-inc/CR0402AJ-000GAS/10240110"; VariantName = "[No Variations]"
Add component (AddParameter): Name = "Manufacturer"; Value = "Bourns Inc."; VariantName = "[No Variations]"
Add component (AddParameter): Name = "ManufacturerPartNumber"; Value = "CR0402AJ/-000GAS"; VariantName = "[No Variations]"
Add component (AddParameter): Name = "MaxTemp"; Value = "155°C"; VariantName = "[No Variations]"
Add component (AddParameter): Name = "MinTemp"; Value = "-55°C"; VariantName = "[No Variations]"
Add component (AddParameter): Name = "PartStatus"; Value = "Active"; VariantName = "[No Variations]"
Add component (AddParameter): Name = "Price"; Value = "0.10"; VariantName = "[No Variations]"
Add component (AddParameter): Name = "Supplier"; Value = "Digikey"; VariantName = "[No Variations]"
Add component (AddParameter): Name = "SupplierPartNumber"; Value = "CR0402AJ/-000GASCT-ND"; VariantName = "[No Variations]"
Added Component: Designator=R5(RESISTOR_0402)
Add component (AddParameter): Name = "ComponentLink1Description"; Value = "SupplierURL"; VariantName = "[No Variations]"
Add component (AddParameter): Name = "ComponentLink1URL"; Value = "https://www.digikey.com/en/products/detail/bourns-inc/CR0402AJ-000GAS/10240110"; VariantName = "[No Variations]"
Add component (AddParameter): Name = "Manufacturer"; Value = "Bourns Inc."; VariantName = "[No Variations]"
Add component (AddParameter): Name = "ManufacturerPartNumber"; Value = "CR0402AJ/-000GAS"; VariantName = "[No Variations]"
Add component (AddParameter): Name = "MaxTemp"; Value = "155°C"; VariantName = "[No Variations]"
Add component (AddParameter): Name = "MinTemp"; Value = "-55°C"; VariantName = "[No Variations]"
Add component (AddParameter): Name = "PartStatus"; Value = "Active"; VariantName = "[No Variations]"
Add component (AddParameter): Name = "Price"; Value = "0.10"; VariantName = "[No Variations]"
Add component (AddParameter): Name = "Supplier"; Value = "Digikey"; VariantName = "[No Variations]"
Add component (AddParameter): Name = "SupplierPartNumber"; Value = "CR0402AJ/-000GASCT-ND"; VariantName = "[No Variations]"
Added Component: Designator=R6(RESISTOR_0402)
Add component (AddParameter): Name = "ComponentLink1Description"; Value = "SupplierURL"; VariantName = "[No Variations]"
Add component (AddParameter): Name = "ComponentLink1URL"; Value = "https://www.digikey.com/en/products/detail/bourns-inc/CR0402AJ-000GAS/10240110"; VariantName = "[No Variations]"
Add component (AddParameter): Name = "Manufacturer"; Value = "Bourns Inc."; VariantName = "[No Variations]"
Add component (AddParameter): Name = "ManufacturerPartNumber"; Value = "CR0402AJ/-000GAS"; VariantName = "[No Variations]"
Add component (AddParameter): Name = "MaxTemp"; Value = "155°C"; VariantName = "[No Variations]"
Add component (AddParameter): Name = "MinTemp"; Value = "-55°C"; VariantName = "[No Variations]"
Add component (AddParameter): Name = "PartStatus"; Value = "Active"; VariantName = "[No Variations]"
Add component (AddParameter): Name = "Price"; Value = "0.10"; VariantName = "[No Variations]"
Add component (AddParameter): Name = "Supplier"; Value = "Digikey"; VariantName = "[No Variations]"
Add component (AddParameter): Name = "SupplierPartNumber"; Value = "CR0402AJ/-000GASCT-ND"; VariantName = "[No Variations]"
Added Component: Designator=R7(RESISTOR_0402)
Add component (AddParameter): Name = "ComponentLink1Description"; Value = "SupplierURL"; VariantName = "[No Variations]"
Add component (AddParameter): Name = "ComponentLink1URL"; Value = "https://www.digikey.com/en/products/detail/panasonic-electronic-components/ERJ-U02J472X/11631055"; VariantName = "[No Variations]"
Add component (AddParameter): Name = "Manufacturer"; Value = "Panasonic Electronic Components"; VariantName = "[No Variations]"
Add component (AddParameter): Name = "ManufacturerPartNumber"; Value = "ERJ-U02J472X"; VariantName = "[No Variations]"
Add component (AddParameter): Name = "MaxTemp"; Value = "155°C"; VariantName = "[No Variations]"
Add component (AddParameter): Name = "MinTemp"; Value = "-55°C "; VariantName = "[No Variations]"
Add component (AddParameter): Name = "PartStatus"; Value = "Active"; VariantName = "[No Variations]"
Add component (AddParameter): Name = "Price"; Value = "0.10"; VariantName = "[No Variations]"
Add component (AddParameter): Name = "Supplier"; Value = "Digikey"; VariantName = "[No Variations]"
Add component (AddParameter): Name = "SupplierPartNumber"; Value = "10-ERJ-U02J472XCT-ND"; VariantName = "[No Variations]"
Added Component: Designator=R8(RESISTOR_0402)
Add component (AddParameter): Name = "ComponentLink1Description"; Value = "SupplierURL"; VariantName = "[No Variations]"
Add component (AddParameter): Name = "ComponentLink1URL"; Value = "https://www.digikey.com/en/products/detail/panasonic-electronic-components/ERJ-U02J103X/11631335"; VariantName = "[No Variations]"
Add component (AddParameter): Name = "Manufacturer"; Value = "Panasonic Electronic Components"; VariantName = "[No Variations]"
Add component (AddParameter): Name = "ManufacturerPartNumber"; Value = "ERJ-U02J103X"; VariantName = "[No Variations]"
Add component (AddParameter): Name = "MaxTemp"; Value = "155°C"; VariantName = "[No Variations]"
Add component (AddParameter): Name = "MinTemp"; Value = "-55°C"; VariantName = "[No Variations]"
Add component (AddParameter): Name = "PartStatus"; Value = "Active"; VariantName = "[No Variations]"
Add component (AddParameter): Name = "Price"; Value = "0.10"; VariantName = "[No Variations]"
Add component (AddParameter): Name = "Supplier"; Value = "Digikey"; VariantName = "[No Variations]"
Add component (AddParameter): Name = "SupplierPartNumber"; Value = "10-ERJ-U02J103XCT-ND"; VariantName = "[No Variations]"
Added Component: Designator=R9(RESISTOR_0402)
Add component (AddParameter): Name = "ComponentLink1Description"; Value = "SupplierURL"; VariantName = "[No Variations]"
Add component (AddParameter): Name = "ComponentLink1URL"; Value = "https://www.digikey.com/en/products/detail/panasonic-electronic-components/ERJ-U02J152X/11634723"; VariantName = "[No Variations]"
Add component (AddParameter): Name = "Manufacturer"; Value = "Panasonic Electronic Components"; VariantName = "[No Variations]"
Add component (AddParameter): Name = "ManufacturerPartNumber"; Value = "ERJ-U02J152X"; VariantName = "[No Variations]"
Add component (AddParameter): Name = "MaxTemp"; Value = "155°C"; VariantName = "[No Variations]"
Add component (AddParameter): Name = "MinTemp"; Value = "-55°C"; VariantName = "[No Variations]"
Add component (AddParameter): Name = "PartStatus"; Value = "Active"; VariantName = "[No Variations]"
Add component (AddParameter): Name = "Price"; Value = "0.10"; VariantName = "[No Variations]"
Add component (AddParameter): Name = "Supplier"; Value = "Digikey"; VariantName = "[No Variations]"
Add component (AddParameter): Name = "SupplierPartNumber"; Value = "10-ERJ-U02J152XCT-ND"; VariantName = "[No Variations]"
Added Component: Designator=R10(RESISTOR_0402)
Add component (AddParameter): Name = "ComponentLink1Description"; Value = "SupplierURL"; VariantName = "[No Variations]"
Add component (AddParameter): Name = "ComponentLink1URL"; Value = "https://www.digikey.com/en/products/detail/panasonic-electronic-components/ERJ-U02J152X/11634723"; VariantName = "[No Variations]"
Add component (AddParameter): Name = "Manufacturer"; Value = "Panasonic Electronic Components"; VariantName = "[No Variations]"
Add component (AddParameter): Name = "ManufacturerPartNumber"; Value = "ERJ-U02J152X"; VariantName = "[No Variations]"
Add component (AddParameter): Name = "MaxTemp"; Value = "155°C"; VariantName = "[No Variations]"
Add component (AddParameter): Name = "MinTemp"; Value = "-55°C"; VariantName = "[No Variations]"
Add component (AddParameter): Name = "PartStatus"; Value = "Active"; VariantName = "[No Variations]"
Add component (AddParameter): Name = "Price"; Value = "0.10"; VariantName = "[No Variations]"
Add component (AddParameter): Name = "Supplier"; Value = "Digikey"; VariantName = "[No Variations]"
Add component (AddParameter): Name = "SupplierPartNumber"; Value = "10-ERJ-U02J152XCT-ND"; VariantName = "[No Variations]"
Added Component: Designator=R11(RESISTOR_0402)
Add component (AddParameter): Name = "ComponentLink1Description"; Value = "SupplierURL"; VariantName = "[No Variations]"
Add component (AddParameter): Name = "ComponentLink1URL"; Value = "https://www.digikey.com/en/products/detail/panasonic-electronic-components/ERJ-U02J472X/11631055"; VariantName = "[No Variations]"
Add component (AddParameter): Name = "Manufacturer"; Value = "Panasonic Electronic Components"; VariantName = "[No Variations]"
Add component (AddParameter): Name = "ManufacturerPartNumber"; Value = "ERJ-U02J472X"; VariantName = "[No Variations]"
Add component (AddParameter): Name = "MaxTemp"; Value = "155°C"; VariantName = "[No Variations]"
Add component (AddParameter): Name = "MinTemp"; Value = "-55°C "; VariantName = "[No Variations]"
Add component (AddParameter): Name = "PartStatus"; Value = "Active"; VariantName = "[No Variations]"
Add component (AddParameter): Name = "Price"; Value = "0.10"; VariantName = "[No Variations]"
Add component (AddParameter): Name = "Supplier"; Value = "Digikey"; VariantName = "[No Variations]"
Add component (AddParameter): Name = "SupplierPartNumber"; Value = "10-ERJ-U02J472XCT-ND"; VariantName = "[No Variations]"
Added Component: Designator=R12(RESISTOR_0402)
Add component (AddParameter): Name = "ComponentLink1Description"; Value = "SupplierURL"; VariantName = "[No Variations]"
Add component (AddParameter): Name = "ComponentLink1URL"; Value = "https://www.digikey.com/en/products/detail/te-connectivity-passive-product/CRGCQ0402J68R/8576643"; VariantName = "[No Variations]"
Add component (AddParameter): Name = "Manufacturer"; Value = "TE Connectivity Passive Product"; VariantName = "[No Variations]"
Add component (AddParameter): Name = "ManufacturerPartNumber"; Value = "CRGCQ0402J68R"; VariantName = "[No Variations]"
Add component (AddParameter): Name = "MaxTemp"; Value = "155°C"; VariantName = "[No Variations]"
Add component (AddParameter): Name = "MinTemp"; Value = "-55°C"; VariantName = "[No Variations]"
Add component (AddParameter): Name = "PartStatus"; Value = "Active"; VariantName = "[No Variations]"
Add component (AddParameter): Name = "Price"; Value = "0.10"; VariantName = "[No Variations]"
Add component (AddParameter): Name = "Supplier"; Value = "Digikey"; VariantName = "[No Variations]"
Add component (AddParameter): Name = "SupplierPartNumber"; Value = "A130041CT-ND"; VariantName = "[No Variations]"
Added Component: Designator=R13(RESISTOR_0402)
Add component (AddParameter): Name = "ComponentLink1Description"; Value = "SupplierURL"; VariantName = "[No Variations]"
Add component (AddParameter): Name = "ComponentLink1URL"; Value = "https://www.digikey.com/en/products/detail/te-connectivity-passive-product/CRGCQ0402J68R/8576643"; VariantName = "[No Variations]"
Add component (AddParameter): Name = "Manufacturer"; Value = "TE Connectivity Passive Product"; VariantName = "[No Variations]"
Add component (AddParameter): Name = "ManufacturerPartNumber"; Value = "CRGCQ0402J68R"; VariantName = "[No Variations]"
Add component (AddParameter): Name = "MaxTemp"; Value = "155°C"; VariantName = "[No Variations]"
Add component (AddParameter): Name = "MinTemp"; Value = "-55°C"; VariantName = "[No Variations]"
Add component (AddParameter): Name = "PartStatus"; Value = "Active"; VariantName = "[No Variations]"
Add component (AddParameter): Name = "Price"; Value = "0.10"; VariantName = "[No Variations]"
Add component (AddParameter): Name = "Supplier"; Value = "Digikey"; VariantName = "[No Variations]"
Add component (AddParameter): Name = "SupplierPartNumber"; Value = "A130041CT-ND"; VariantName = "[No Variations]"
Added Component: Designator=R14(RESISTOR_0402)
Add component (AddParameter): Name = "ComponentLink1Description"; Value = "SupplierURL"; VariantName = "[No Variations]"
Add component (AddParameter): Name = "ComponentLink1URL"; Value = "https://www.digikey.com/en/products/detail/panasonic-electronic-components/ERJ-U02J103X/11631335"; VariantName = "[No Variations]"
Add component (AddParameter): Name = "Manufacturer"; Value = "Panasonic Electronic Components"; VariantName = "[No Variations]"
Add component (AddParameter): Name = "ManufacturerPartNumber"; Value = "ERJ-U02J103X"; VariantName = "[No Variations]"
Add component (AddParameter): Name = "MaxTemp"; Value = "155°C"; VariantName = "[No Variations]"
Add component (AddParameter): Name = "MinTemp"; Value = "-55°C"; VariantName = "[No Variations]"
Add component (AddParameter): Name = "PartStatus"; Value = "Active"; VariantName = "[No Variations]"
Add component (AddParameter): Name = "Price"; Value = "0.10"; VariantName = "[No Variations]"
Add component (AddParameter): Name = "Supplier"; Value = "Digikey"; VariantName = "[No Variations]"
Add component (AddParameter): Name = "SupplierPartNumber"; Value = "10-ERJ-U02J103XCT-ND"; VariantName = "[No Variations]"
Added Component: Designator=SW1(Switch_2Lead)
Add component (AddParameter): Name = "ComponentLink1Description"; Value = "SupplierURL"; VariantName = "[No Variations]"
Add component (AddParameter): Name = "ComponentLink1URL"; Value = "https://www.digikey.com/en/products/detail/c-k/PTS636-SK50-SMTR-LFS/10071728"; VariantName = "[No Variations]"
Add component (AddParameter): Name = "Manufacturer"; Value = "C&K"; VariantName = "[No Variations]"
Add component (AddParameter): Name = "ManufacturerPartNumber"; Value = "PTS636 SK50 SMTR LFS"; VariantName = "[No Variations]"
Add component (AddParameter): Name = "MaxTemp"; Value = " 70°C"; VariantName = "[No Variations]"
Add component (AddParameter): Name = "MinTemp"; Value = "-20°C"; VariantName = "[No Variations]"
Add component (AddParameter): Name = "PartStatus"; Value = "Active"; VariantName = "[No Variations]"
Add component (AddParameter): Name = "Price"; Value = "0.12"; VariantName = "[No Variations]"
Add component (AddParameter): Name = "Supplier"; Value = "Digikey"; VariantName = "[No Variations]"
Add component (AddParameter): Name = "SupplierPartNumber"; Value = "CKN12315-1-ND"; VariantName = "[No Variations]"
Added Component: Designator=SW2(Switch_2Lead)
Add component (AddParameter): Name = "ComponentLink1Description"; Value = "SupplierURL"; VariantName = "[No Variations]"
Add component (AddParameter): Name = "ComponentLink1URL"; Value = "https://www.digikey.com/en/products/detail/c-k/PTS636-SK50-SMTR-LFS/10071728"; VariantName = "[No Variations]"
Add component (AddParameter): Name = "Manufacturer"; Value = "C&K"; VariantName = "[No Variations]"
Add component (AddParameter): Name = "ManufacturerPartNumber"; Value = "PTS636 SK50 SMTR LFS"; VariantName = "[No Variations]"
Add component (AddParameter): Name = "MaxTemp"; Value = " 70°C"; VariantName = "[No Variations]"
Add component (AddParameter): Name = "MinTemp"; Value = "-20°C"; VariantName = "[No Variations]"
Add component (AddParameter): Name = "PartStatus"; Value = "Active"; VariantName = "[No Variations]"
Add component (AddParameter): Name = "Price"; Value = "0.12"; VariantName = "[No Variations]"
Add component (AddParameter): Name = "Supplier"; Value = "Digikey"; VariantName = "[No Variations]"
Add component (AddParameter): Name = "SupplierPartNumber"; Value = "CKN12315-1-ND"; VariantName = "[No Variations]"
Added Component: Designator=U1(SOIC127P798X216-8N)
Add component (AddParameter): Name = "ComponentLink1Description"; Value = "SupplierURL"; VariantName = "[No Variations]"
Add component (AddParameter): Name = "ComponentLink1URL"; Value = "https://www.digikey.com/en/products/detail/microchip-technology/ATTINY85V-10SU/735472"; VariantName = "[No Variations]"
Add component (AddParameter): Name = "Manufacturer"; Value = "Microchip Technology"; VariantName = "[No Variations]"
Add component (AddParameter): Name = "ManufacturerPartNumber"; Value = "ATTINY85V-10SU"; VariantName = "[No Variations]"
Add component (AddParameter): Name = "MaxTemp"; Value = " 85°C"; VariantName = "[No Variations]"
Add component (AddParameter): Name = "MinTemp"; Value = "-40°C"; VariantName = "[No Variations]"
Add component (AddParameter): Name = "PartSatus"; Value = "Active"; VariantName = "[No Variations]"
Add component (AddParameter): Name = "Price"; Value = "1.31"; VariantName = "[No Variations]"
Add component (AddParameter): Name = "Supplier"; Value = "Digikey"; VariantName = "[No Variations]"
Add component (AddParameter): Name = "SupplierPartNumber"; Value = "ATTINY85V-10SU-ND"; VariantName = "[No Variations]"
Added Component: Designator=U2(4PIN-SOT)
Add component (AddParameter): Name = "ComponentLink1Description"; Value = "SupplierURL"; VariantName = "[No Variations]"
Add component (AddParameter): Name = "ComponentLink1URL"; Value = "https://www.digikey.com/en/products/detail/texas-instruments/LM1117IMP-5-0-NOPB/482940"; VariantName = "[No Variations]"
Add component (AddParameter): Name = "Manufacturer"; Value = "Texas Instruments"; VariantName = "[No Variations]"
Add component (AddParameter): Name = "ManufacturerPartNumber"; Value = "LM1117IMP-5.0/NOPB"; VariantName = "[No Variations]"
Add component (AddParameter): Name = "MaxTemp"; Value = "125°C"; VariantName = "[No Variations]"
Add component (AddParameter): Name = "MinTemp"; Value = "-40°C"; VariantName = "[No Variations]"
Add component (AddParameter): Name = "PartStatus"; Value = "Active"; VariantName = "[No Variations]"
Add component (AddParameter): Name = "Price"; Value = "1.17"; VariantName = "[No Variations]"
Add component (AddParameter): Name = "Supplier"; Value = "Digikey"; VariantName = "[No Variations]"
Add component (AddParameter): Name = "SupplierPartNumber"; Value = "LM1117IMP-5.0/NOPBCT-ND"; VariantName = "[No Variations]"
Added Component: Designator=U3(128x32 OLED)
Add component (AddParameter): Name = "ComponentLink1Description"; Value = "SupplierURL"; VariantName = "[No Variations]"
Add component (AddParameter): Name = "ComponentLink1URL"; Value = "https://www.amazon.in/xcluma-Display-SSD1306-Driver-Module/dp/B07966FNMN"; VariantName = "[No Variations]"
Added Pin To Net: NetName=+5V Pin=C1-2
Added Pin To Net: NetName=+5V Pin=C2-2
Added Pin To Net: NetName=+5V Pin=C3-2
Added Pin To Net: NetName=+5V Pin=C4-2
Added Pin To Net: NetName=+5V Pin=C5-2
Added Pin To Net: NetName=+5V Pin=C6-2
Added Pin To Net: NetName=+5V Pin=C7-2
Added Pin To Net: NetName=+5V Pin=C8-2
Added Pin To Net: NetName=+5V Pin=J2-4
Added Pin To Net: NetName=+5V Pin=J3-1
Added Pin To Net: NetName=+5V Pin=R7-2
Added Pin To Net: NetName=+5V Pin=R9-2
Added Pin To Net: NetName=+5V Pin=R10-2
Added Pin To Net: NetName=+5V Pin=R11-2
Added Pin To Net: NetName=+5V Pin=U1-8
Added Pin To Net: NetName=+5V Pin=U2-2
Added Pin To Net: NetName=+5V Pin=U2-4
Added Pin To Net: NetName=+5V Pin=U3-2
Added Net: Name=+5V
Added Pin To Net: NetName=GND Pin=C1-1
Added Pin To Net: NetName=GND Pin=C2-1
Added Pin To Net: NetName=GND Pin=C3-1
Added Pin To Net: NetName=GND Pin=C4-1
Added Pin To Net: NetName=GND Pin=C5-1
Added Pin To Net: NetName=GND Pin=C6-1
Added Pin To Net: NetName=GND Pin=C7-1
Added Pin To Net: NetName=GND Pin=C8-1
Added Pin To Net: NetName=GND Pin=C9-1
Added Pin To Net: NetName=GND Pin=D1-1
Added Pin To Net: NetName=GND Pin=D2-1
Added Pin To Net: NetName=GND Pin=J1-4
Added Pin To Net: NetName=GND Pin=J3-5
Added Pin To Net: NetName=GND Pin=J3-6
Added Pin To Net: NetName=GND Pin=J3-7
Added Pin To Net: NetName=GND Pin=J3-8
Added Pin To Net: NetName=GND Pin=J3-9
Added Pin To Net: NetName=GND Pin=J3-10
Added Pin To Net: NetName=GND Pin=J3-11
Added Pin To Net: NetName=GND Pin=R8-1
Added Pin To Net: NetName=GND Pin=R14-1
Added Pin To Net: NetName=GND Pin=U1-4
Added Pin To Net: NetName=GND Pin=U2-1
Added Pin To Net: NetName=GND Pin=U3-1
Added Net: Name=GND
Added Pin To Net: NetName=I2C_SCL Pin=R6-2
Added Pin To Net: NetName=I2C_SCL Pin=U1-7
Added Pin To Net: NetName=I2C_SCL Pin=U3-3
Added Net: Name=I2C_SCL
Added Pin To Net: NetName=I2C_SDA Pin=R2-2
Added Pin To Net: NetName=I2C_SDA Pin=U1-5
Added Pin To Net: NetName=I2C_SDA Pin=U3-4
Added Net: Name=I2C_SDA
Added Pin To Net: NetName=NetJ1_1 Pin=J1-1
Added Pin To Net: NetName=NetJ1_1 Pin=R1-2
Added Net: Name=NetJ1_1
Added Pin To Net: NetName=NetJ1_2 Pin=J1-2
Added Pin To Net: NetName=NetJ1_2 Pin=R3-2
Added Net: Name=NetJ1_2
Added Pin To Net: NetName=NetJ1_3 Pin=J1-3
Added Pin To Net: NetName=NetJ1_3 Pin=R5-2
Added Net: Name=NetJ1_3
Added Pin To Net: NetName=NetJ2_1 Pin=J2-1
Added Pin To Net: NetName=NetJ2_1 Pin=R2-1
Added Net: Name=NetJ2_1
Added Pin To Net: NetName=NetJ2_2 Pin=J2-2
Added Pin To Net: NetName=NetJ2_2 Pin=R4-1
Added Net: Name=NetJ2_2
Added Pin To Net: NetName=NetJ2_3 Pin=J2-3
Added Pin To Net: NetName=NetJ2_3 Pin=R6-1
Added Net: Name=NetJ2_3
Added Pin To Net: NetName=NetR7_1 Pin=R7-1
Added Pin To Net: NetName=NetR7_1 Pin=SW1-2
Added Net: Name=NetR7_1
Added Pin To Net: NetName=NetR11_1 Pin=R11-1
Added Pin To Net: NetName=NetR11_1 Pin=SW2-2
Added Net: Name=NetR11_1
Added Pin To Net: NetName=SWITCH_1 Pin=R4-2
Added Pin To Net: NetName=SWITCH_1 Pin=R8-2
Added Pin To Net: NetName=SWITCH_1 Pin=SW1-1
Added Pin To Net: NetName=SWITCH_1 Pin=U1-6
Added Net: Name=SWITCH_1
Added Pin To Net: NetName=SWITCH_2 Pin=R1-1
Added Pin To Net: NetName=SWITCH_2 Pin=R14-2
Added Pin To Net: NetName=SWITCH_2 Pin=SW2-1
Added Pin To Net: NetName=SWITCH_2 Pin=U1-1
Added Net: Name=SWITCH_2
Added Pin To Net: NetName=USB_N Pin=D2-2
Added Pin To Net: NetName=USB_N Pin=J3-2
Added Pin To Net: NetName=USB_N Pin=R9-1
Added Pin To Net: NetName=USB_N Pin=R10-1
Added Pin To Net: NetName=USB_N Pin=R12-1
Added Net: Name=USB_N
Added Pin To Net: NetName=USB_P Pin=D1-2
Added Pin To Net: NetName=USB_P Pin=J3-3
Added Pin To Net: NetName=USB_P Pin=R13-1
Added Net: Name=USB_P
Added Pin To Net: NetName=VIN Pin=C9-2
Added Pin To Net: NetName=VIN Pin=U2-3
Added Net: Name=VIN
Added Pin To Net: NetName=VUSB_N Pin=R3-1
Added Pin To Net: NetName=VUSB_N Pin=R12-2
Added Pin To Net: NetName=VUSB_N Pin=U1-2
Added Net: Name=VUSB_N
Added Pin To Net: NetName=VUSB_P Pin=R5-1
Added Pin To Net: NetName=VUSB_P Pin=R13-2
Added Pin To Net: NetName=VUSB_P Pin=U1-3
Added Net: Name=VUSB_P
Added Class: Name=HMI_MINI
Added Class: Name=USB
Added Differential Pair: Name=USB
Added Differential Pair: Name=VUSB
Added Room: Name=HMI_MINI
